::1 - - [19/Sep/2024:13:40:44 +0200] "GET /back HTTP/1.1" 400 62099
::1 - - [19/Sep/2024:13:40:51 +0200] "GET / HTTP/1.1" 304 -
::1 - - [19/Sep/2024:13:40:51 +0200] "GET / HTTP/1.1" 304 -
::1 - - [19/Sep/2024:13:40:52 +0200] "GET / HTTP/1.1" 304 -
::1 - - [19/Sep/2024:13:40:53 +0200] "GET /back HTTP/1.1" 400 62099
::1 - - [19/Sep/2024:13:40:54 +0200] "GET /back HTTP/1.1" 400 62099
::1 - - [19/Sep/2024:13:40:55 +0200] "GET /back HTTP/1.1" 400 62099
::1 - - [19/Sep/2024:13:40:55 +0200] "GET /back HTTP/1.1" 400 62099
::1 - - [19/Sep/2024:13:40:55 +0200] "GET /back HTTP/1.1" 400 62099
::1 - - [19/Sep/2024:13:40:55 +0200] "GET /back HTTP/1.1" 400 62099
::1 - - [19/Sep/2024:13:40:55 +0200] "GET /back HTTP/1.1" 400 62099
::1 - - [19/Sep/2024:13:40:55 +0200] "GET /back HTTP/1.1" 400 62099
::1 - - [19/Sep/2024:13:40:56 +0200] "GET /back HTTP/1.1" 400 62099
::1 - - [19/Sep/2024:13:40:56 +0200] "GET /back HTTP/1.1" 400 62101
::1 - - [19/Sep/2024:13:41:03 +0200] "GET /back HTTP/1.1" 400 62101
::1 - - [19/Sep/2024:13:41:04 +0200] "GET /back HTTP/1.1" 400 62101
::1 - - [19/Sep/2024:13:41:04 +0200] "GET /back HTTP/1.1" 400 62101
::1 - - [19/Sep/2024:13:41:04 +0200] "GET /back HTTP/1.1" 400 62101
::1 - - [19/Sep/2024:13:41:04 +0200] "GET /back HTTP/1.1" 400 62101
::1 - - [19/Sep/2024:13:41:04 +0200] "GET /back HTTP/1.1" 400 62101
::1 - - [19/Sep/2024:13:41:05 +0200] "GET /back HTTP/1.1" 400 62101
::1 - - [19/Sep/2024:13:41:05 +0200] "GET /back HTTP/1.1" 400 62101
::1 - - [19/Sep/2024:13:41:05 +0200] "GET /back HTTP/1.1" 400 62101
::1 - - [19/Sep/2024:13:41:05 +0200] "GET /back HTTP/1.1" 400 62101
::1 - - [19/Sep/2024:13:41:05 +0200] "GET /back HTTP/1.1" 400 62101
::1 - - [19/Sep/2024:13:41:06 +0200] "GET /back HTTP/1.1" 400 62101
::1 - - [19/Sep/2024:13:41:06 +0200] "GET /back HTTP/1.1" 400 62101
::1 - - [19/Sep/2024:13:41:06 +0200] "GET /back HTTP/1.1" 400 62101
::1 - - [19/Sep/2024:13:41:06 +0200] "GET /back HTTP/1.1" 400 62101
::1 - - [19/Sep/2024:13:41:06 +0200] "GET /back HTTP/1.1" 400 62101
::1 - - [19/Sep/2024:13:41:07 +0200] "GET /back HTTP/1.1" 400 62101
::1 - - [19/Sep/2024:13:41:07 +0200] "GET /back HTTP/1.1" 400 62101
::1 - - [19/Sep/2024:13:41:07 +0200] "GET /back HTTP/1.1" 400 62101
::1 - - [19/Sep/2024:13:41:07 +0200] "GET /back HTTP/1.1" 400 62101
::1 - - [19/Sep/2024:13:41:08 +0200] "GET /back HTTP/1.1" 400 62101
::1 - - [19/Sep/2024:13:41:10 +0200] "GET /back HTTP/1.1" 400 62101
::1 - - [19/Sep/2024:13:41:24 +0200] "GET /back HTTP/1.1" 400 62101
::1 - - [19/Sep/2024:13:41:25 +0200] "GET /back HTTP/1.1" 400 62101
::1 - - [19/Sep/2024:13:41:25 +0200] "GET /back HTTP/1.1" 400 62101
::1 - - [19/Sep/2024:13:41:25 +0200] "GET /back HTTP/1.1" 400 62101
::1 - - [19/Sep/2024:13:41:25 +0200] "GET /back HTTP/1.1" 400 62101
::1 - - [19/Sep/2024:13:41:25 +0200] "GET /back HTTP/1.1" 400 62101
::1 - - [19/Sep/2024:13:41:26 +0200] "GET /back HTTP/1.1" 400 62101
::1 - - [19/Sep/2024:13:41:26 +0200] "GET /back HTTP/1.1" 400 62101
::1 - - [19/Sep/2024:13:41:26 +0200] "GET /back HTTP/1.1" 400 62101
::1 - - [19/Sep/2024:13:41:26 +0200] "GET /back HTTP/1.1" 400 62101
::1 - - [19/Sep/2024:13:41:26 +0200] "GET /back HTTP/1.1" 400 62101
::1 - - [19/Sep/2024:13:41:58 +0200] "GET /back HTTP/1.1" 404 2606
::1 - - [19/Sep/2024:13:42:01 +0200] "GET /back HTTP/1.1" 404 2606
::1 - - [19/Sep/2024:13:42:01 +0200] "GET /back HTTP/1.1" 404 2606
::1 - - [19/Sep/2024:13:42:02 +0200] "GET /back HTTP/1.1" 404 2606
::1 - - [19/Sep/2024:13:42:02 +0200] "GET /back HTTP/1.1" 404 2606
::1 - - [19/Sep/2024:13:42:02 +0200] "GET /back HTTP/1.1" 404 2606
::1 - - [19/Sep/2024:13:42:02 +0200] "GET /back HTTP/1.1" 404 2606
::1 - - [19/Sep/2024:13:42:03 +0200] "GET /back HTTP/1.1" 404 2606
::1 - - [19/Sep/2024:13:42:03 +0200] "GET /back HTTP/1.1" 404 2606
::1 - - [19/Sep/2024:13:42:03 +0200] "GET /back HTTP/1.1" 404 2606
::1 - - [19/Sep/2024:13:42:04 +0200] "GET / HTTP/1.1" 304 -
::1 - - [19/Sep/2024:13:42:06 +0200] "GET /back HTTP/1.1" 404 2606
::1 - - [19/Sep/2024:13:42:06 +0200] "GET /back HTTP/1.1" 404 2606
::1 - - [19/Sep/2024:13:42:06 +0200] "GET /back HTTP/1.1" 404 2606
::1 - - [19/Sep/2024:13:42:07 +0200] "GET /back HTTP/1.1" 404 2606
::1 - - [19/Sep/2024:13:42:07 +0200] "GET /back HTTP/1.1" 404 2606
::1 - - [19/Sep/2024:13:42:14 +0200] "GET /back HTTP/1.1" 404 2606
::1 - - [19/Sep/2024:13:42:15 +0200] "GET /back HTTP/1.1" 404 2606
::1 - - [19/Sep/2024:13:42:15 +0200] "GET /back HTTP/1.1" 404 2606
::1 - - [19/Sep/2024:13:42:15 +0200] "GET /back HTTP/1.1" 404 2606
192.168.1.131 - - [19/Sep/2024:13:43:23 +0200] "GET /back HTTP/1.1" 400 61020
::1 - - [19/Sep/2024:13:51:45 +0200] "GET /back HTTP/1.1" 404 2606
::1 - - [19/Sep/2024:13:51:49 +0200] "GET /back HTTP/1.1" 404 2606
::1 - - [19/Sep/2024:13:51:49 +0200] "GET /back HTTP/1.1" 404 2606
::1 - - [19/Sep/2024:13:51:50 +0200] "GET / HTTP/1.1" 304 -
::1 - - [19/Sep/2024:13:51:50 +0200] "GET / HTTP/1.1" 304 -
::1 - - [19/Sep/2024:13:51:51 +0200] "GET / HTTP/1.1" 304 -
::1 - - [19/Sep/2024:13:51:51 +0200] "GET / HTTP/1.1" 304 -
::1 - - [19/Sep/2024:13:51:51 +0200] "GET / HTTP/1.1" 304 -
::1 - - [19/Sep/2024:13:51:51 +0200] "GET / HTTP/1.1" 304 -
::1 - - [19/Sep/2024:13:51:51 +0200] "GET / HTTP/1.1" 304 -
::1 - - [19/Sep/2024:13:51:52 +0200] "GET /back HTTP/1.1" 404 2606
::1 - - [19/Sep/2024:13:51:53 +0200] "GET /back HTTP/1.1" 404 2606
::1 - - [19/Sep/2024:13:51:53 +0200] "GET /back HTTP/1.1" 404 2606
::1 - - [19/Sep/2024:13:51:53 +0200] "GET /back HTTP/1.1" 404 2606
::1 - - [19/Sep/2024:13:51:53 +0200] "GET /back HTTP/1.1" 404 2606
::1 - - [19/Sep/2024:13:51:53 +0200] "GET /back HTTP/1.1" 404 2606
::1 - - [19/Sep/2024:13:51:54 +0200] "GET /back HTTP/1.1" 404 2606
::1 - - [19/Sep/2024:13:51:54 +0200] "GET /back HTTP/1.1" 404 2606
::1 - - [19/Sep/2024:13:51:54 +0200] "GET /back HTTP/1.1" 404 2606
::1 - - [19/Sep/2024:13:51:54 +0200] "GET /back HTTP/1.1" 404 2606
::1 - - [19/Sep/2024:13:51:54 +0200] "GET /back HTTP/1.1" 404 2606
::1 - - [19/Sep/2024:13:51:54 +0200] "GET /back HTTP/1.1" 404 2606
::1 - - [19/Sep/2024:13:51:55 +0200] "GET /back HTTP/1.1" 404 2606
::1 - - [19/Sep/2024:13:51:55 +0200] "GET /back HTTP/1.1" 404 2606
::1 - - [19/Sep/2024:13:51:55 +0200] "GET /back HTTP/1.1" 404 2606
::1 - - [19/Sep/2024:13:51:55 +0200] "GET /back HTTP/1.1" 404 2606
::1 - - [19/Sep/2024:13:51:55 +0200] "GET /back HTTP/1.1" 404 2606
::1 - - [19/Sep/2024:13:51:59 +0200] "GET /register HTTP/1.1" 404 196
::1 - - [19/Sep/2024:13:52:02 +0200] "GET /register HTTP/1.1" 404 196
::1 - - [19/Sep/2024:13:52:02 +0200] "GET /register HTTP/1.1" 404 196
::1 - - [19/Sep/2024:13:52:03 +0200] "GET /register HTTP/1.1" 404 196
::1 - - [19/Sep/2024:13:52:03 +0200] "GET /register HTTP/1.1" 404 196
::1 - - [19/Sep/2024:13:52:11 +0200] "GET /back/register HTTP/1.1" 301 -
::1 - - [19/Sep/2024:13:52:11 +0200] "GET /back/register/ HTTP/1.1" 200 76
::1 - - [19/Sep/2024:13:52:14 +0200] "GET /back/register/ HTTP/1.1" 200 76
::1 - - [19/Sep/2024:13:52:14 +0200] "GET /back/register/ HTTP/1.1" 200 76
::1 - - [19/Sep/2024:13:52:14 +0200] "GET /back/register/ HTTP/1.1" 200 76
::1 - - [19/Sep/2024:13:52:14 +0200] "GET /back/register/ HTTP/1.1" 200 76
::1 - - [19/Sep/2024:13:52:15 +0200] "GET /back/register/ HTTP/1.1" 200 76
::1 - - [19/Sep/2024:13:52:15 +0200] "GET /back/register/ HTTP/1.1" 200 76
::1 - - [19/Sep/2024:13:52:15 +0200] "GET /back/register/ HTTP/1.1" 200 76
::1 - - [19/Sep/2024:13:52:15 +0200] "GET /back/register/ HTTP/1.1" 200 76
::1 - - [19/Sep/2024:13:52:15 +0200] "GET /back/register/ HTTP/1.1" 200 76
::1 - - [19/Sep/2024:13:52:15 +0200] "GET /back/register/ HTTP/1.1" 200 76
::1 - - [19/Sep/2024:13:52:16 +0200] "GET /back/register/ HTTP/1.1" 200 76
::1 - - [19/Sep/2024:13:52:16 +0200] "GET /back/register/ HTTP/1.1" 200 76
::1 - - [19/Sep/2024:13:52:16 +0200] "GET /back/register/ HTTP/1.1" 200 76
::1 - - [19/Sep/2024:13:52:16 +0200] "GET /back/register/ HTTP/1.1" 200 76
::1 - - [19/Sep/2024:13:52:21 +0200] "GET /back/login/ HTTP/1.1" 200 57
::1 - - [19/Sep/2024:13:52:23 +0200] "GET /back/login/ HTTP/1.1" 200 57
::1 - - [19/Sep/2024:13:52:23 +0200] "GET /back/login/ HTTP/1.1" 200 57
::1 - - [19/Sep/2024:13:52:23 +0200] "GET /back/login/ HTTP/1.1" 200 57
::1 - - [19/Sep/2024:13:52:23 +0200] "GET /back/login/ HTTP/1.1" 200 57
::1 - - [19/Sep/2024:13:52:24 +0200] "GET /back/login/ HTTP/1.1" 200 57
::1 - - [19/Sep/2024:13:52:25 +0200] "GET /back/login/ HTTP/1.1" 200 57
::1 - - [19/Sep/2024:13:52:25 +0200] "GET /back/login/ HTTP/1.1" 200 57
::1 - - [19/Sep/2024:13:52:25 +0200] "GET /back/login/ HTTP/1.1" 200 57
::1 - - [19/Sep/2024:13:52:25 +0200] "GET /back/login/ HTTP/1.1" 200 57
::1 - - [19/Sep/2024:13:52:26 +0200] "GET /back/login/ HTTP/1.1" 200 57
::1 - - [19/Sep/2024:13:52:26 +0200] "GET /back/login/ HTTP/1.1" 200 57
::1 - - [19/Sep/2024:13:52:26 +0200] "GET /back/login/ HTTP/1.1" 200 57
::1 - - [19/Sep/2024:13:52:26 +0200] "GET /back/login/ HTTP/1.1" 200 57
::1 - - [19/Sep/2024:13:52:27 +0200] "GET /back/login/ HTTP/1.1" 200 57
::1 - - [19/Sep/2024:13:52:27 +0200] "GET /back/login/ HTTP/1.1" 200 57
::1 - - [19/Sep/2024:13:52:27 +0200] "GET /back/login/ HTTP/1.1" 200 57
::1 - - [19/Sep/2024:13:52:27 +0200] "GET /back/login/ HTTP/1.1" 200 57
::1 - - [19/Sep/2024:13:52:28 +0200] "GET /back/login/ HTTP/1.1" 200 57
::1 - - [19/Sep/2024:13:52:28 +0200] "GET /back/login/ HTTP/1.1" 200 57
::1 - - [19/Sep/2024:13:52:28 +0200] "GET /back/login/ HTTP/1.1" 200 57
::1 - - [19/Sep/2024:13:52:29 +0200] "GET /back/login/ HTTP/1.1" 200 57
::1 - - [19/Sep/2024:13:52:29 +0200] "GET /back/login/ HTTP/1.1" 200 57
::1 - - [19/Sep/2024:13:52:29 +0200] "GET /back/login/ HTTP/1.1" 200 57
::1 - - [19/Sep/2024:13:52:29 +0200] "GET /back/login/ HTTP/1.1" 200 57
::1 - - [19/Sep/2024:13:52:29 +0200] "GET /back/login/ HTTP/1.1" 200 57
::1 - - [19/Sep/2024:13:52:29 +0200] "GET /back/login/ HTTP/1.1" 200 57
::1 - - [19/Sep/2024:13:52:30 +0200] "GET /back/login/ HTTP/1.1" 200 57
::1 - - [19/Sep/2024:13:52:30 +0200] "GET /back/login/ HTTP/1.1" 200 57
::1 - - [19/Sep/2024:13:52:30 +0200] "GET /back/login/ HTTP/1.1" 200 57
::1 - - [19/Sep/2024:13:52:30 +0200] "GET /back/login/ HTTP/1.1" 200 57
::1 - - [19/Sep/2024:13:52:30 +0200] "GET /back/login/ HTTP/1.1" 200 57
::1 - - [19/Sep/2024:13:52:31 +0200] "GET /back/login/ HTTP/1.1" 200 57
::1 - - [19/Sep/2024:13:52:31 +0200] "GET /back/login/ HTTP/1.1" 200 57
::1 - - [19/Sep/2024:13:52:31 +0200] "GET /back/login/ HTTP/1.1" 200 57
::1 - - [19/Sep/2024:13:52:31 +0200] "GET /back/login/ HTTP/1.1" 200 57
::1 - - [19/Sep/2024:13:52:31 +0200] "GET /back/login/ HTTP/1.1" 200 57
::1 - - [19/Sep/2024:13:52:32 +0200] "GET /back/login/ HTTP/1.1" 200 57
::1 - - [19/Sep/2024:13:52:32 +0200] "GET /back/login/ HTTP/1.1" 200 57
::1 - - [19/Sep/2024:13:52:32 +0200] "GET /back/login/ HTTP/1.1" 200 57
::1 - - [19/Sep/2024:13:52:32 +0200] "GET /back/login/ HTTP/1.1" 200 57
::1 - - [19/Sep/2024:13:52:33 +0200] "GET /back/login/ HTTP/1.1" 200 57
::1 - - [19/Sep/2024:13:52:33 +0200] "GET /back/login/ HTTP/1.1" 200 57
::1 - - [19/Sep/2024:13:52:33 +0200] "GET /back/login/ HTTP/1.1" 200 57
::1 - - [19/Sep/2024:13:52:33 +0200] "GET /back/login/ HTTP/1.1" 200 57
::1 - - [19/Sep/2024:13:52:33 +0200] "GET /back/login/ HTTP/1.1" 200 57
::1 - - [19/Sep/2024:13:52:34 +0200] "GET /back/login/ HTTP/1.1" 200 57
::1 - - [19/Sep/2024:13:52:34 +0200] "GET /back/login/ HTTP/1.1" 200 57
::1 - - [19/Sep/2024:13:52:34 +0200] "GET /back/login/ HTTP/1.1" 200 57
::1 - - [19/Sep/2024:13:52:34 +0200] "GET /back/login/ HTTP/1.1" 200 57
::1 - - [19/Sep/2024:13:52:34 +0200] "GET /back/login/ HTTP/1.1" 200 57
::1 - - [19/Sep/2024:13:52:34 +0200] "GET /back/login/ HTTP/1.1" 200 57
::1 - - [19/Sep/2024:13:52:35 +0200] "GET /back/login/ HTTP/1.1" 200 57
::1 - - [19/Sep/2024:13:52:35 +0200] "GET /back/login/ HTTP/1.1" 200 57
::1 - - [19/Sep/2024:13:52:35 +0200] "GET /back/login/ HTTP/1.1" 200 57
::1 - - [19/Sep/2024:13:52:35 +0200] "GET /back/login/ HTTP/1.1" 200 57
::1 - - [19/Sep/2024:13:52:35 +0200] "GET /back/login/ HTTP/1.1" 200 57
::1 - - [19/Sep/2024:13:52:35 +0200] "GET /back/login/ HTTP/1.1" 200 57
::1 - - [19/Sep/2024:13:52:36 +0200] "GET /back/login/ HTTP/1.1" 200 57
::1 - - [19/Sep/2024:13:52:36 +0200] "GET /back/login/ HTTP/1.1" 200 57
::1 - - [19/Sep/2024:13:52:36 +0200] "GET /back/login/ HTTP/1.1" 200 57
::1 - - [19/Sep/2024:13:52:36 +0200] "GET /back/login/ HTTP/1.1" 200 57
::1 - - [19/Sep/2024:13:52:37 +0200] "GET /back/login/ HTTP/1.1" 200 57
::1 - - [19/Sep/2024:13:52:37 +0200] "GET /back/login/ HTTP/1.1" 200 57
::1 - - [19/Sep/2024:13:52:37 +0200] "GET /back/login/ HTTP/1.1" 200 57
::1 - - [19/Sep/2024:13:52:37 +0200] "GET /back/login/ HTTP/1.1" 200 57
::1 - - [19/Sep/2024:13:52:37 +0200] "GET /back/login/ HTTP/1.1" 200 57
::1 - - [19/Sep/2024:13:52:38 +0200] "GET /back/login/ HTTP/1.1" 200 57
::1 - - [19/Sep/2024:13:52:38 +0200] "GET /back/login/ HTTP/1.1" 200 57
::1 - - [19/Sep/2024:13:52:38 +0200] "GET /back/login/ HTTP/1.1" 200 57
::1 - - [19/Sep/2024:13:52:38 +0200] "GET /back/login/ HTTP/1.1" 200 57
::1 - - [19/Sep/2024:13:52:38 +0200] "GET /back/login/ HTTP/1.1" 200 57
::1 - - [19/Sep/2024:13:52:38 +0200] "GET /back/login/ HTTP/1.1" 200 57
::1 - - [19/Sep/2024:13:52:39 +0200] "GET /back/login/ HTTP/1.1" 200 57
::1 - - [19/Sep/2024:13:52:39 +0200] "GET /back/login/ HTTP/1.1" 200 57
::1 - - [19/Sep/2024:13:52:39 +0200] "GET /back/login/ HTTP/1.1" 200 57
::1 - - [19/Sep/2024:13:52:39 +0200] "GET /back/login/ HTTP/1.1" 200 57
::1 - - [19/Sep/2024:13:52:39 +0200] "GET /back/login/ HTTP/1.1" 200 57
::1 - - [19/Sep/2024:13:52:39 +0200] "GET /back/login/ HTTP/1.1" 200 57
::1 - - [19/Sep/2024:13:52:40 +0200] "GET /back/login/ HTTP/1.1" 200 57
::1 - - [19/Sep/2024:13:52:40 +0200] "GET /back/login/ HTTP/1.1" 200 57
::1 - - [19/Sep/2024:13:52:40 +0200] "GET /back/login/ HTTP/1.1" 200 57
::1 - - [19/Sep/2024:13:52:40 +0200] "GET /back/login/ HTTP/1.1" 200 57
::1 - - [19/Sep/2024:13:52:40 +0200] "GET /back/login/ HTTP/1.1" 200 57
::1 - - [19/Sep/2024:13:52:41 +0200] "GET /back/login/ HTTP/1.1" 200 57
::1 - - [19/Sep/2024:13:52:41 +0200] "GET /back/login/ HTTP/1.1" 200 57
::1 - - [19/Sep/2024:13:52:41 +0200] "GET /back/login/ HTTP/1.1" 200 57
::1 - - [19/Sep/2024:13:52:41 +0200] "GET /back/login/ HTTP/1.1" 200 57
::1 - - [19/Sep/2024:13:52:42 +0200] "GET /back/login/ HTTP/1.1" 200 57
